<?xml version="1.0" encoding="UTF-8"?>
<testng-results ignored="0" total="1" passed="1" failed="0" skipped="0">
  <reporter-output>
  </reporter-output>
  <suite started-at="2023-09-13T09:40:57Z" name="Default suite" finished-at="2023-09-13T09:41:05Z" duration-ms="7943">
    <groups>
    </groups>
    <test started-at="2023-09-13T09:40:57Z" name="Default test" finished-at="2023-09-13T09:41:05Z" duration-ms="7943">
      <class name="com.api.testscripts.HashMapExcelScripts">
        <test-method signature="verifyHashMapExcelTest()[pri:0, instance:com.api.testscripts.HashMapExcelScripts@3697186]" started-at="2023-09-13T09:40:57Z" name="verifyHashMapExcelTest" finished-at="2023-09-13T09:41:05Z" duration-ms="7860" status="PASS">
          <reporter-output>
          </reporter-output>
        </test-method> <!-- verifyHashMapExcelTest -->
      </class> <!-- com.api.testscripts.HashMapExcelScripts -->
    </test> <!-- Default test -->
  </suite> <!-- Default suite -->
</testng-results>
