<?xml version="1.0" encoding="UTF-8"?>
<testng-results ignored="0" total="1" passed="1" failed="0" skipped="0">
  <reporter-output>
  </reporter-output>
  <suite started-at="2023-11-07T22:50:02Z" name="Default suite" finished-at="2023-11-07T22:50:10Z" duration-ms="8211">
    <groups>
    </groups>
    <test started-at="2023-11-07T22:50:02Z" name="Default test" finished-at="2023-11-07T22:50:10Z" duration-ms="8211">
      <class name="com.api.testscripts.practices.DemoAddPlace">
        <test-method signature="verifyAddPlace()[pri:0, instance:com.api.testscripts.practices.DemoAddPlace@4671115f]" started-at="2023-11-07T22:50:02Z" name="verifyAddPlace" finished-at="2023-11-07T22:50:10Z" duration-ms="8142" status="PASS">
          <reporter-output>
          </reporter-output>
        </test-method> <!-- verifyAddPlace -->
      </class> <!-- com.api.testscripts.practices.DemoAddPlace -->
    </test> <!-- Default test -->
  </suite> <!-- Default suite -->
</testng-results>
